CRITICAL - 2021-07-16 05:13:59 --> Invalid file: layouts/home1.php
#0 C:\Users\Bon cabe\Documents\pesanan\arfian\arfian-app\vendor\codeigniter4\framework\system\View\View.php(213): CodeIgniter\Exceptions\FrameworkException::forInvalidFile('layouts/home1.p...')
#1 C:\Users\Bon cabe\Documents\pesanan\arfian\arfian-app\vendor\codeigniter4\framework\system\View\View.php(246): CodeIgniter\View\View->render('layouts/home1', Array, true)
#2 C:\Users\Bon cabe\Documents\pesanan\arfian\arfian-app\vendor\codeigniter4\framework\system\Common.php(1271): CodeIgniter\View\View->render('pages/lokasi/lo...', Array, true)
#3 C:\Users\Bon cabe\Documents\pesanan\arfian\arfian-app\app\Controllers\Lokasi.php(24): view('pages/lokasi/lo...', Array)
#4 C:\Users\Bon cabe\Documents\pesanan\arfian\arfian-app\vendor\codeigniter4\framework\system\CodeIgniter.php(928): App\Controllers\Lokasi->index()
#5 C:\Users\Bon cabe\Documents\pesanan\arfian\arfian-app\vendor\codeigniter4\framework\system\CodeIgniter.php(436): CodeIgniter\CodeIgniter->runController(Object(App\Controllers\Lokasi))
#6 C:\Users\Bon cabe\Documents\pesanan\arfian\arfian-app\vendor\codeigniter4\framework\system\CodeIgniter.php(336): CodeIgniter\CodeIgniter->handleRequest(NULL, Object(Config\Cache), false)
#7 C:\Users\Bon cabe\Documents\pesanan\arfian\arfian-app\public\index.php(37): CodeIgniter\CodeIgniter->run()
#8 C:\Users\Bon cabe\Documents\pesanan\arfian\arfian-app\vendor\codeigniter4\framework\system\Commands\Server\rewrite.php(45): require_once('C:\\Users\\Bon ca...')
#9 {main}
CRITICAL - 2021-07-16 05:25:26 --> Undefined variable: odc
#0 C:\Users\Bon cabe\Documents\pesanan\arfian\arfian-app\app\Views\components\menu.php(51): CodeIgniter\Debug\Exceptions->errorHandler(8, 'Undefined varia...', 'C:\\Users\\Bon ca...', 51, Array)
#1 C:\Users\Bon cabe\Documents\pesanan\arfian\arfian-app\vendor\codeigniter4\framework\system\View\View.php(230): include('C:\\Users\\Bon ca...')
#2 C:\Users\Bon cabe\Documents\pesanan\arfian\arfian-app\vendor\codeigniter4\framework\system\View\View.php(232): CodeIgniter\View\View->CodeIgniter\View\{closure}()
#3 C:\Users\Bon cabe\Documents\pesanan\arfian\arfian-app\vendor\codeigniter4\framework\system\View\View.php(487): CodeIgniter\View\View->render('components/menu', NULL, true)
#4 C:\Users\Bon cabe\Documents\pesanan\arfian\arfian-app\app\Views\layouts\home.php(18): CodeIgniter\View\View->include('components/menu')
#5 C:\Users\Bon cabe\Documents\pesanan\arfian\arfian-app\vendor\codeigniter4\framework\system\View\View.php(230): include('C:\\Users\\Bon ca...')
#6 C:\Users\Bon cabe\Documents\pesanan\arfian\arfian-app\vendor\codeigniter4\framework\system\View\View.php(232): CodeIgniter\View\View->CodeIgniter\View\{closure}()
#7 C:\Users\Bon cabe\Documents\pesanan\arfian\arfian-app\vendor\codeigniter4\framework\system\View\View.php(246): CodeIgniter\View\View->render('layouts/home', Array, true)
#8 C:\Users\Bon cabe\Documents\pesanan\arfian\arfian-app\vendor\codeigniter4\framework\system\Common.php(1271): CodeIgniter\View\View->render('pages/home', Array, true)
#9 C:\Users\Bon cabe\Documents\pesanan\arfian\arfian-app\app\Controllers\Home.php(32): view('pages/home', Array)
#10 C:\Users\Bon cabe\Documents\pesanan\arfian\arfian-app\vendor\codeigniter4\framework\system\CodeIgniter.php(928): App\Controllers\Home->index()
#11 C:\Users\Bon cabe\Documents\pesanan\arfian\arfian-app\vendor\codeigniter4\framework\system\CodeIgniter.php(436): CodeIgniter\CodeIgniter->runController(Object(App\Controllers\Home))
#12 C:\Users\Bon cabe\Documents\pesanan\arfian\arfian-app\vendor\codeigniter4\framework\system\CodeIgniter.php(336): CodeIgniter\CodeIgniter->handleRequest(NULL, Object(Config\Cache), false)
#13 C:\Users\Bon cabe\Documents\pesanan\arfian\arfian-app\public\index.php(37): CodeIgniter\CodeIgniter->run()
#14 C:\Users\Bon cabe\Documents\pesanan\arfian\arfian-app\vendor\codeigniter4\framework\system\Commands\Server\rewrite.php(45): require_once('C:\\Users\\Bon ca...')
#15 {main}
CRITICAL - 2021-07-16 05:25:54 --> Undefined variable: odc
#0 C:\Users\Bon cabe\Documents\pesanan\arfian\arfian-app\app\Views\components\menu.php(51): CodeIgniter\Debug\Exceptions->errorHandler(8, 'Undefined varia...', 'C:\\Users\\Bon ca...', 51, Array)
#1 C:\Users\Bon cabe\Documents\pesanan\arfian\arfian-app\vendor\codeigniter4\framework\system\View\View.php(230): include('C:\\Users\\Bon ca...')
#2 C:\Users\Bon cabe\Documents\pesanan\arfian\arfian-app\vendor\codeigniter4\framework\system\View\View.php(232): CodeIgniter\View\View->CodeIgniter\View\{closure}()
#3 C:\Users\Bon cabe\Documents\pesanan\arfian\arfian-app\vendor\codeigniter4\framework\system\View\View.php(487): CodeIgniter\View\View->render('components/menu', NULL, true)
#4 C:\Users\Bon cabe\Documents\pesanan\arfian\arfian-app\app\Views\layouts\home.php(18): CodeIgniter\View\View->include('components/menu')
#5 C:\Users\Bon cabe\Documents\pesanan\arfian\arfian-app\vendor\codeigniter4\framework\system\View\View.php(230): include('C:\\Users\\Bon ca...')
#6 C:\Users\Bon cabe\Documents\pesanan\arfian\arfian-app\vendor\codeigniter4\framework\system\View\View.php(232): CodeIgniter\View\View->CodeIgniter\View\{closure}()
#7 C:\Users\Bon cabe\Documents\pesanan\arfian\arfian-app\vendor\codeigniter4\framework\system\View\View.php(246): CodeIgniter\View\View->render('layouts/home', Array, true)
#8 C:\Users\Bon cabe\Documents\pesanan\arfian\arfian-app\vendor\codeigniter4\framework\system\Common.php(1271): CodeIgniter\View\View->render('pages/home', Array, true)
#9 C:\Users\Bon cabe\Documents\pesanan\arfian\arfian-app\app\Controllers\Home.php(32): view('pages/home', Array)
#10 C:\Users\Bon cabe\Documents\pesanan\arfian\arfian-app\vendor\codeigniter4\framework\system\CodeIgniter.php(928): App\Controllers\Home->index()
#11 C:\Users\Bon cabe\Documents\pesanan\arfian\arfian-app\vendor\codeigniter4\framework\system\CodeIgniter.php(436): CodeIgniter\CodeIgniter->runController(Object(App\Controllers\Home))
#12 C:\Users\Bon cabe\Documents\pesanan\arfian\arfian-app\vendor\codeigniter4\framework\system\CodeIgniter.php(336): CodeIgniter\CodeIgniter->handleRequest(NULL, Object(Config\Cache), false)
#13 C:\Users\Bon cabe\Documents\pesanan\arfian\arfian-app\public\index.php(37): CodeIgniter\CodeIgniter->run()
#14 C:\Users\Bon cabe\Documents\pesanan\arfian\arfian-app\vendor\codeigniter4\framework\system\Commands\Server\rewrite.php(45): require_once('C:\\Users\\Bon ca...')
#15 {main}
ERROR - 2021-07-16 05:27:32 --> Unknown column 'nama_lokasi' in 'where clause'
CRITICAL - 2021-07-16 05:27:32 --> Unknown column 'nama_lokasi' in 'where clause'
#0 C:\Users\Bon cabe\Documents\pesanan\arfian\arfian-app\vendor\codeigniter4\framework\system\Database\MySQLi\Connection.php(329): mysqli->query('SELECT *\nFROM `...')
#1 C:\Users\Bon cabe\Documents\pesanan\arfian\arfian-app\vendor\codeigniter4\framework\system\Database\BaseConnection.php(732): CodeIgniter\Database\MySQLi\Connection->execute('SELECT *\nFROM `...')
#2 C:\Users\Bon cabe\Documents\pesanan\arfian\arfian-app\vendor\codeigniter4\framework\system\Database\BaseConnection.php(647): CodeIgniter\Database\BaseConnection->simpleQuery('SELECT *\nFROM `...')
#3 C:\Users\Bon cabe\Documents\pesanan\arfian\arfian-app\vendor\codeigniter4\framework\system\Database\BaseBuilder.php(1881): CodeIgniter\Database\BaseConnection->query('SELECT *\nFROM `...', Array, false)
#4 C:\Users\Bon cabe\Documents\pesanan\arfian\arfian-app\app\Models\Odc.php(63): CodeIgniter\Database\BaseBuilder->get()
#5 C:\Users\Bon cabe\Documents\pesanan\arfian\arfian-app\app\Controllers\Home.php(29): App\Models\Odc->menu()
#6 C:\Users\Bon cabe\Documents\pesanan\arfian\arfian-app\vendor\codeigniter4\framework\system\CodeIgniter.php(928): App\Controllers\Home->index()
#7 C:\Users\Bon cabe\Documents\pesanan\arfian\arfian-app\vendor\codeigniter4\framework\system\CodeIgniter.php(436): CodeIgniter\CodeIgniter->runController(Object(App\Controllers\Home))
#8 C:\Users\Bon cabe\Documents\pesanan\arfian\arfian-app\vendor\codeigniter4\framework\system\CodeIgniter.php(336): CodeIgniter\CodeIgniter->handleRequest(NULL, Object(Config\Cache), false)
#9 C:\Users\Bon cabe\Documents\pesanan\arfian\arfian-app\public\index.php(37): CodeIgniter\CodeIgniter->run()
#10 C:\Users\Bon cabe\Documents\pesanan\arfian\arfian-app\vendor\codeigniter4\framework\system\Commands\Server\rewrite.php(45): require_once('C:\\Users\\Bon ca...')
#11 {main}
CRITICAL - 2021-07-16 05:42:47 --> Undefined variable: lokasi
#0 C:\Users\Bon cabe\Documents\pesanan\arfian\arfian-app\app\Views\components\menu.php(30): CodeIgniter\Debug\Exceptions->errorHandler(8, 'Undefined varia...', 'C:\\Users\\Bon ca...', 30, Array)
#1 C:\Users\Bon cabe\Documents\pesanan\arfian\arfian-app\vendor\codeigniter4\framework\system\View\View.php(230): include('C:\\Users\\Bon ca...')
#2 C:\Users\Bon cabe\Documents\pesanan\arfian\arfian-app\vendor\codeigniter4\framework\system\View\View.php(232): CodeIgniter\View\View->CodeIgniter\View\{closure}()
#3 C:\Users\Bon cabe\Documents\pesanan\arfian\arfian-app\vendor\codeigniter4\framework\system\View\View.php(487): CodeIgniter\View\View->render('components/menu', NULL, true)
#4 C:\Users\Bon cabe\Documents\pesanan\arfian\arfian-app\app\Views\layouts\home.php(18): CodeIgniter\View\View->include('components/menu')
#5 C:\Users\Bon cabe\Documents\pesanan\arfian\arfian-app\vendor\codeigniter4\framework\system\View\View.php(230): include('C:\\Users\\Bon ca...')
#6 C:\Users\Bon cabe\Documents\pesanan\arfian\arfian-app\vendor\codeigniter4\framework\system\View\View.php(232): CodeIgniter\View\View->CodeIgniter\View\{closure}()
#7 C:\Users\Bon cabe\Documents\pesanan\arfian\arfian-app\vendor\codeigniter4\framework\system\View\View.php(246): CodeIgniter\View\View->render('layouts/home', Array, true)
#8 C:\Users\Bon cabe\Documents\pesanan\arfian\arfian-app\vendor\codeigniter4\framework\system\Common.php(1271): CodeIgniter\View\View->render('pages/odc/odc', Array, true)
#9 C:\Users\Bon cabe\Documents\pesanan\arfian\arfian-app\app\Controllers\Sto.php(11): view('pages/odc/odc')
#10 C:\Users\Bon cabe\Documents\pesanan\arfian\arfian-app\vendor\codeigniter4\framework\system\CodeIgniter.php(928): App\Controllers\Sto->odc('Ambarawa', 'ODC-ABR-FA')
#11 C:\Users\Bon cabe\Documents\pesanan\arfian\arfian-app\vendor\codeigniter4\framework\system\CodeIgniter.php(436): CodeIgniter\CodeIgniter->runController(Object(App\Controllers\Sto))
#12 C:\Users\Bon cabe\Documents\pesanan\arfian\arfian-app\vendor\codeigniter4\framework\system\CodeIgniter.php(336): CodeIgniter\CodeIgniter->handleRequest(NULL, Object(Config\Cache), false)
#13 C:\Users\Bon cabe\Documents\pesanan\arfian\arfian-app\public\index.php(37): CodeIgniter\CodeIgniter->run()
#14 C:\Users\Bon cabe\Documents\pesanan\arfian\arfian-app\vendor\codeigniter4\framework\system\Commands\Server\rewrite.php(45): require_once('C:\\Users\\Bon ca...')
#15 {main}
CRITICAL - 2021-07-16 09:33:04 --> Undefined index: port_odc
#0 C:\Users\Bon cabe\Documents\pesanan\arfian\arfian-app\app\Views\pages\odc\odc.php(132): CodeIgniter\Debug\Exceptions->errorHandler(8, 'Undefined index...', 'C:\\Users\\Bon ca...', 132, Array)
#1 C:\Users\Bon cabe\Documents\pesanan\arfian\arfian-app\vendor\codeigniter4\framework\system\View\View.php(230): include('C:\\Users\\Bon ca...')
#2 C:\Users\Bon cabe\Documents\pesanan\arfian\arfian-app\vendor\codeigniter4\framework\system\View\View.php(232): CodeIgniter\View\View->CodeIgniter\View\{closure}()
#3 C:\Users\Bon cabe\Documents\pesanan\arfian\arfian-app\vendor\codeigniter4\framework\system\Common.php(1271): CodeIgniter\View\View->render('pages/odc/odc', Array, true)
#4 C:\Users\Bon cabe\Documents\pesanan\arfian\arfian-app\app\Controllers\Sto.php(35): view('pages/odc/odc', Array)
#5 C:\Users\Bon cabe\Documents\pesanan\arfian\arfian-app\vendor\codeigniter4\framework\system\CodeIgniter.php(928): App\Controllers\Sto->odc('Ambarawa', 'ODC-ABR-FA')
#6 C:\Users\Bon cabe\Documents\pesanan\arfian\arfian-app\vendor\codeigniter4\framework\system\CodeIgniter.php(436): CodeIgniter\CodeIgniter->runController(Object(App\Controllers\Sto))
#7 C:\Users\Bon cabe\Documents\pesanan\arfian\arfian-app\vendor\codeigniter4\framework\system\CodeIgniter.php(336): CodeIgniter\CodeIgniter->handleRequest(NULL, Object(Config\Cache), false)
#8 C:\Users\Bon cabe\Documents\pesanan\arfian\arfian-app\public\index.php(37): CodeIgniter\CodeIgniter->run()
#9 C:\Users\Bon cabe\Documents\pesanan\arfian\arfian-app\vendor\codeigniter4\framework\system\Commands\Server\rewrite.php(45): require_once('C:\\Users\\Bon ca...')
#10 {main}
CRITICAL - 2021-07-16 10:19:37 --> Undefined variable: odcTitle
#0 C:\Users\Bon cabe\Documents\pesanan\arfian\arfian-app\app\Views\pages\odc\odc.php(19): CodeIgniter\Debug\Exceptions->errorHandler(8, 'Undefined varia...', 'C:\\Users\\Bon ca...', 19, Array)
#1 C:\Users\Bon cabe\Documents\pesanan\arfian\arfian-app\vendor\codeigniter4\framework\system\View\View.php(230): include('C:\\Users\\Bon ca...')
#2 C:\Users\Bon cabe\Documents\pesanan\arfian\arfian-app\vendor\codeigniter4\framework\system\View\View.php(232): CodeIgniter\View\View->CodeIgniter\View\{closure}()
#3 C:\Users\Bon cabe\Documents\pesanan\arfian\arfian-app\vendor\codeigniter4\framework\system\Common.php(1271): CodeIgniter\View\View->render('pages/odc/odc', Array, true)
#4 C:\Users\Bon cabe\Documents\pesanan\arfian\arfian-app\app\Controllers\Sto.php(36): view('pages/odc/odc', Array)
#5 C:\Users\Bon cabe\Documents\pesanan\arfian\arfian-app\vendor\codeigniter4\framework\system\CodeIgniter.php(928): App\Controllers\Sto->odc('Ambarawa', 'ODC-ABR-FA')
#6 C:\Users\Bon cabe\Documents\pesanan\arfian\arfian-app\vendor\codeigniter4\framework\system\CodeIgniter.php(436): CodeIgniter\CodeIgniter->runController(Object(App\Controllers\Sto))
#7 C:\Users\Bon cabe\Documents\pesanan\arfian\arfian-app\vendor\codeigniter4\framework\system\CodeIgniter.php(336): CodeIgniter\CodeIgniter->handleRequest(NULL, Object(Config\Cache), false)
#8 C:\Users\Bon cabe\Documents\pesanan\arfian\arfian-app\public\index.php(37): CodeIgniter\CodeIgniter->run()
#9 C:\Users\Bon cabe\Documents\pesanan\arfian\arfian-app\vendor\codeigniter4\framework\system\Commands\Server\rewrite.php(45): require_once('C:\\Users\\Bon ca...')
#10 {main}
CRITICAL - 2021-07-16 19:32:14 --> Invalid file: layouts/home1.php
#0 C:\Users\Bon cabe\Documents\pesanan\arfian\arfian-app\vendor\codeigniter4\framework\system\View\View.php(213): CodeIgniter\Exceptions\FrameworkException::forInvalidFile('layouts/home1.p...')
#1 C:\Users\Bon cabe\Documents\pesanan\arfian\arfian-app\vendor\codeigniter4\framework\system\View\View.php(246): CodeIgniter\View\View->render('layouts/home1', Array, true)
#2 C:\Users\Bon cabe\Documents\pesanan\arfian\arfian-app\vendor\codeigniter4\framework\system\Common.php(1271): CodeIgniter\View\View->render('pages/lokasi/lo...', Array, true)
#3 C:\Users\Bon cabe\Documents\pesanan\arfian\arfian-app\app\Controllers\Lokasi.php(24): view('pages/lokasi/lo...', Array)
#4 C:\Users\Bon cabe\Documents\pesanan\arfian\arfian-app\vendor\codeigniter4\framework\system\CodeIgniter.php(928): App\Controllers\Lokasi->index()
#5 C:\Users\Bon cabe\Documents\pesanan\arfian\arfian-app\vendor\codeigniter4\framework\system\CodeIgniter.php(436): CodeIgniter\CodeIgniter->runController(Object(App\Controllers\Lokasi))
#6 C:\Users\Bon cabe\Documents\pesanan\arfian\arfian-app\vendor\codeigniter4\framework\system\CodeIgniter.php(336): CodeIgniter\CodeIgniter->handleRequest(NULL, Object(Config\Cache), false)
#7 C:\Users\Bon cabe\Documents\pesanan\arfian\arfian-app\public\index.php(37): CodeIgniter\CodeIgniter->run()
#8 C:\Users\Bon cabe\Documents\pesanan\arfian\arfian-app\vendor\codeigniter4\framework\system\Commands\Server\rewrite.php(45): require_once('C:\\Users\\Bon ca...')
#9 {main}
CRITICAL - 2021-07-16 19:36:20 --> Undefined variable: menuODC
#0 C:\Users\Bon cabe\Documents\pesanan\arfian\arfian-app\app\Views\components\menu.php(51): CodeIgniter\Debug\Exceptions->errorHandler(8, 'Undefined varia...', 'C:\\Users\\Bon ca...', 51, Array)
#1 C:\Users\Bon cabe\Documents\pesanan\arfian\arfian-app\vendor\codeigniter4\framework\system\View\View.php(230): include('C:\\Users\\Bon ca...')
#2 C:\Users\Bon cabe\Documents\pesanan\arfian\arfian-app\vendor\codeigniter4\framework\system\View\View.php(232): CodeIgniter\View\View->CodeIgniter\View\{closure}()
#3 C:\Users\Bon cabe\Documents\pesanan\arfian\arfian-app\vendor\codeigniter4\framework\system\View\View.php(487): CodeIgniter\View\View->render('components/menu', NULL, true)
#4 C:\Users\Bon cabe\Documents\pesanan\arfian\arfian-app\app\Views\layouts\home.php(18): CodeIgniter\View\View->include('components/menu')
#5 C:\Users\Bon cabe\Documents\pesanan\arfian\arfian-app\vendor\codeigniter4\framework\system\View\View.php(230): include('C:\\Users\\Bon ca...')
#6 C:\Users\Bon cabe\Documents\pesanan\arfian\arfian-app\vendor\codeigniter4\framework\system\View\View.php(232): CodeIgniter\View\View->CodeIgniter\View\{closure}()
#7 C:\Users\Bon cabe\Documents\pesanan\arfian\arfian-app\vendor\codeigniter4\framework\system\View\View.php(246): CodeIgniter\View\View->render('layouts/home', Array, true)
#8 C:\Users\Bon cabe\Documents\pesanan\arfian\arfian-app\vendor\codeigniter4\framework\system\Common.php(1271): CodeIgniter\View\View->render('pages/lokasi/lo...', Array, true)
#9 C:\Users\Bon cabe\Documents\pesanan\arfian\arfian-app\app\Controllers\Lokasi.php(24): view('pages/lokasi/lo...', Array)
#10 C:\Users\Bon cabe\Documents\pesanan\arfian\arfian-app\vendor\codeigniter4\framework\system\CodeIgniter.php(928): App\Controllers\Lokasi->index()
#11 C:\Users\Bon cabe\Documents\pesanan\arfian\arfian-app\vendor\codeigniter4\framework\system\CodeIgniter.php(436): CodeIgniter\CodeIgniter->runController(Object(App\Controllers\Lokasi))
#12 C:\Users\Bon cabe\Documents\pesanan\arfian\arfian-app\vendor\codeigniter4\framework\system\CodeIgniter.php(336): CodeIgniter\CodeIgniter->handleRequest(NULL, Object(Config\Cache), false)
#13 C:\Users\Bon cabe\Documents\pesanan\arfian\arfian-app\public\index.php(37): CodeIgniter\CodeIgniter->run()
#14 C:\Users\Bon cabe\Documents\pesanan\arfian\arfian-app\vendor\codeigniter4\framework\system\Commands\Server\rewrite.php(45): require_once('C:\\Users\\Bon ca...')
#15 {main}
CRITICAL - 2021-07-16 22:09:50 --> Undefined variable: odcTitle
#0 C:\Users\Bon cabe\Documents\pesanan\arfian\arfian-app\app\Views\pages\lokasi\lokasi.php(19): CodeIgniter\Debug\Exceptions->errorHandler(8, 'Undefined varia...', 'C:\\Users\\Bon ca...', 19, Array)
#1 C:\Users\Bon cabe\Documents\pesanan\arfian\arfian-app\vendor\codeigniter4\framework\system\View\View.php(230): include('C:\\Users\\Bon ca...')
#2 C:\Users\Bon cabe\Documents\pesanan\arfian\arfian-app\vendor\codeigniter4\framework\system\View\View.php(232): CodeIgniter\View\View->CodeIgniter\View\{closure}()
#3 C:\Users\Bon cabe\Documents\pesanan\arfian\arfian-app\vendor\codeigniter4\framework\system\Common.php(1271): CodeIgniter\View\View->render('pages/lokasi/lo...', Array, true)
#4 C:\Users\Bon cabe\Documents\pesanan\arfian\arfian-app\app\Controllers\Lokasi.php(32): view('pages/lokasi/lo...', Array)
#5 C:\Users\Bon cabe\Documents\pesanan\arfian\arfian-app\vendor\codeigniter4\framework\system\CodeIgniter.php(928): App\Controllers\Lokasi->index()
#6 C:\Users\Bon cabe\Documents\pesanan\arfian\arfian-app\vendor\codeigniter4\framework\system\CodeIgniter.php(436): CodeIgniter\CodeIgniter->runController(Object(App\Controllers\Lokasi))
#7 C:\Users\Bon cabe\Documents\pesanan\arfian\arfian-app\vendor\codeigniter4\framework\system\CodeIgniter.php(336): CodeIgniter\CodeIgniter->handleRequest(NULL, Object(Config\Cache), false)
#8 C:\Users\Bon cabe\Documents\pesanan\arfian\arfian-app\public\index.php(37): CodeIgniter\CodeIgniter->run()
#9 C:\Users\Bon cabe\Documents\pesanan\arfian\arfian-app\vendor\codeigniter4\framework\system\Commands\Server\rewrite.php(45): require_once('C:\\Users\\Bon ca...')
#10 {main}
CRITICAL - 2021-07-16 22:10:10 --> Undefined variable: odc
#0 C:\Users\Bon cabe\Documents\pesanan\arfian\arfian-app\app\Views\pages\lokasi\lokasi.php(96): CodeIgniter\Debug\Exceptions->errorHandler(8, 'Undefined varia...', 'C:\\Users\\Bon ca...', 96, Array)
#1 C:\Users\Bon cabe\Documents\pesanan\arfian\arfian-app\vendor\codeigniter4\framework\system\View\View.php(230): include('C:\\Users\\Bon ca...')
#2 C:\Users\Bon cabe\Documents\pesanan\arfian\arfian-app\vendor\codeigniter4\framework\system\View\View.php(232): CodeIgniter\View\View->CodeIgniter\View\{closure}()
#3 C:\Users\Bon cabe\Documents\pesanan\arfian\arfian-app\vendor\codeigniter4\framework\system\Common.php(1271): CodeIgniter\View\View->render('pages/lokasi/lo...', Array, true)
#4 C:\Users\Bon cabe\Documents\pesanan\arfian\arfian-app\app\Controllers\Lokasi.php(32): view('pages/lokasi/lo...', Array)
#5 C:\Users\Bon cabe\Documents\pesanan\arfian\arfian-app\vendor\codeigniter4\framework\system\CodeIgniter.php(928): App\Controllers\Lokasi->index()
#6 C:\Users\Bon cabe\Documents\pesanan\arfian\arfian-app\vendor\codeigniter4\framework\system\CodeIgniter.php(436): CodeIgniter\CodeIgniter->runController(Object(App\Controllers\Lokasi))
#7 C:\Users\Bon cabe\Documents\pesanan\arfian\arfian-app\vendor\codeigniter4\framework\system\CodeIgniter.php(336): CodeIgniter\CodeIgniter->handleRequest(NULL, Object(Config\Cache), false)
#8 C:\Users\Bon cabe\Documents\pesanan\arfian\arfian-app\public\index.php(37): CodeIgniter\CodeIgniter->run()
#9 C:\Users\Bon cabe\Documents\pesanan\arfian\arfian-app\vendor\codeigniter4\framework\system\Commands\Server\rewrite.php(45): require_once('C:\\Users\\Bon ca...')
#10 {main}
CRITICAL - 2021-07-16 22:46:13 --> Invalid file: layouts/home1.php
#0 C:\Users\Bon cabe\Documents\pesanan\arfian\arfian-app\vendor\codeigniter4\framework\system\View\View.php(213): CodeIgniter\Exceptions\FrameworkException::forInvalidFile('layouts/home1.p...')
#1 C:\Users\Bon cabe\Documents\pesanan\arfian\arfian-app\vendor\codeigniter4\framework\system\View\View.php(246): CodeIgniter\View\View->render('layouts/home1', Array, true)
#2 C:\Users\Bon cabe\Documents\pesanan\arfian\arfian-app\vendor\codeigniter4\framework\system\Common.php(1271): CodeIgniter\View\View->render('pages/user/user', Array, true)
#3 C:\Users\Bon cabe\Documents\pesanan\arfian\arfian-app\app\Controllers\User.php(28): view('pages/user/user', Array)
#4 C:\Users\Bon cabe\Documents\pesanan\arfian\arfian-app\vendor\codeigniter4\framework\system\CodeIgniter.php(928): App\Controllers\User->index()
#5 C:\Users\Bon cabe\Documents\pesanan\arfian\arfian-app\vendor\codeigniter4\framework\system\CodeIgniter.php(436): CodeIgniter\CodeIgniter->runController(Object(App\Controllers\User))
#6 C:\Users\Bon cabe\Documents\pesanan\arfian\arfian-app\vendor\codeigniter4\framework\system\CodeIgniter.php(336): CodeIgniter\CodeIgniter->handleRequest(NULL, Object(Config\Cache), false)
#7 C:\Users\Bon cabe\Documents\pesanan\arfian\arfian-app\public\index.php(37): CodeIgniter\CodeIgniter->run()
#8 C:\Users\Bon cabe\Documents\pesanan\arfian\arfian-app\vendor\codeigniter4\framework\system\Commands\Server\rewrite.php(45): require_once('C:\\Users\\Bon ca...')
#9 {main}
CRITICAL - 2021-07-16 22:46:21 --> Undefined variable: menuODC
#0 C:\Users\Bon cabe\Documents\pesanan\arfian\arfian-app\app\Views\components\menu.php(51): CodeIgniter\Debug\Exceptions->errorHandler(8, 'Undefined varia...', 'C:\\Users\\Bon ca...', 51, Array)
#1 C:\Users\Bon cabe\Documents\pesanan\arfian\arfian-app\vendor\codeigniter4\framework\system\View\View.php(230): include('C:\\Users\\Bon ca...')
#2 C:\Users\Bon cabe\Documents\pesanan\arfian\arfian-app\vendor\codeigniter4\framework\system\View\View.php(232): CodeIgniter\View\View->CodeIgniter\View\{closure}()
#3 C:\Users\Bon cabe\Documents\pesanan\arfian\arfian-app\vendor\codeigniter4\framework\system\View\View.php(487): CodeIgniter\View\View->render('components/menu', NULL, true)
#4 C:\Users\Bon cabe\Documents\pesanan\arfian\arfian-app\app\Views\layouts\home.php(18): CodeIgniter\View\View->include('components/menu')
#5 C:\Users\Bon cabe\Documents\pesanan\arfian\arfian-app\vendor\codeigniter4\framework\system\View\View.php(230): include('C:\\Users\\Bon ca...')
#6 C:\Users\Bon cabe\Documents\pesanan\arfian\arfian-app\vendor\codeigniter4\framework\system\View\View.php(232): CodeIgniter\View\View->CodeIgniter\View\{closure}()
#7 C:\Users\Bon cabe\Documents\pesanan\arfian\arfian-app\vendor\codeigniter4\framework\system\View\View.php(246): CodeIgniter\View\View->render('layouts/home', Array, true)
#8 C:\Users\Bon cabe\Documents\pesanan\arfian\arfian-app\vendor\codeigniter4\framework\system\Common.php(1271): CodeIgniter\View\View->render('pages/user/user', Array, true)
#9 C:\Users\Bon cabe\Documents\pesanan\arfian\arfian-app\app\Controllers\User.php(28): view('pages/user/user', Array)
#10 C:\Users\Bon cabe\Documents\pesanan\arfian\arfian-app\vendor\codeigniter4\framework\system\CodeIgniter.php(928): App\Controllers\User->index()
#11 C:\Users\Bon cabe\Documents\pesanan\arfian\arfian-app\vendor\codeigniter4\framework\system\CodeIgniter.php(436): CodeIgniter\CodeIgniter->runController(Object(App\Controllers\User))
#12 C:\Users\Bon cabe\Documents\pesanan\arfian\arfian-app\vendor\codeigniter4\framework\system\CodeIgniter.php(336): CodeIgniter\CodeIgniter->handleRequest(NULL, Object(Config\Cache), false)
#13 C:\Users\Bon cabe\Documents\pesanan\arfian\arfian-app\public\index.php(37): CodeIgniter\CodeIgniter->run()
#14 C:\Users\Bon cabe\Documents\pesanan\arfian\arfian-app\vendor\codeigniter4\framework\system\Commands\Server\rewrite.php(45): require_once('C:\\Users\\Bon ca...')
#15 {main}
CRITICAL - 2021-07-16 23:20:12 --> Undefined variable: lokasi
#0 C:\Users\Bon cabe\Documents\pesanan\arfian\arfian-app\app\Views\pages\odc\odc_ubah.php(55): CodeIgniter\Debug\Exceptions->errorHandler(8, 'Undefined varia...', 'C:\\Users\\Bon ca...', 55, Array)
#1 C:\Users\Bon cabe\Documents\pesanan\arfian\arfian-app\vendor\codeigniter4\framework\system\View\View.php(230): include('C:\\Users\\Bon ca...')
#2 C:\Users\Bon cabe\Documents\pesanan\arfian\arfian-app\vendor\codeigniter4\framework\system\View\View.php(232): CodeIgniter\View\View->CodeIgniter\View\{closure}()
#3 C:\Users\Bon cabe\Documents\pesanan\arfian\arfian-app\vendor\codeigniter4\framework\system\Common.php(1271): CodeIgniter\View\View->render('pages/odc/odc_u...', Array, true)
#4 C:\Users\Bon cabe\Documents\pesanan\arfian\arfian-app\app\Controllers\Sto.php(44): view('pages/odc/odc_u...', Array)
#5 C:\Users\Bon cabe\Documents\pesanan\arfian\arfian-app\vendor\codeigniter4\framework\system\CodeIgniter.php(928): App\Controllers\Sto->odcUbah('2')
#6 C:\Users\Bon cabe\Documents\pesanan\arfian\arfian-app\vendor\codeigniter4\framework\system\CodeIgniter.php(436): CodeIgniter\CodeIgniter->runController(Object(App\Controllers\Sto))
#7 C:\Users\Bon cabe\Documents\pesanan\arfian\arfian-app\vendor\codeigniter4\framework\system\CodeIgniter.php(336): CodeIgniter\CodeIgniter->handleRequest(NULL, Object(Config\Cache), false)
#8 C:\Users\Bon cabe\Documents\pesanan\arfian\arfian-app\public\index.php(37): CodeIgniter\CodeIgniter->run()
#9 C:\Users\Bon cabe\Documents\pesanan\arfian\arfian-app\vendor\codeigniter4\framework\system\Commands\Server\rewrite.php(45): require_once('C:\\Users\\Bon ca...')
#10 {main}
