CRITICAL - 2021-07-10 08:04:05 --> Undefined variable: lokasi
#0 C:\Users\Bon cabe\Documents\pesanan\arfian\arfian-app\app\Views\components\menu.php(31): CodeIgniter\Debug\Exceptions->errorHandler(8, 'Undefined varia...', 'C:\\Users\\Bon ca...', 31, Array)
#1 C:\Users\Bon cabe\Documents\pesanan\arfian\arfian-app\vendor\codeigniter4\framework\system\View\View.php(230): include('C:\\Users\\Bon ca...')
#2 C:\Users\Bon cabe\Documents\pesanan\arfian\arfian-app\vendor\codeigniter4\framework\system\View\View.php(232): CodeIgniter\View\View->CodeIgniter\View\{closure}()
#3 C:\Users\Bon cabe\Documents\pesanan\arfian\arfian-app\vendor\codeigniter4\framework\system\View\View.php(487): CodeIgniter\View\View->render('components/menu', NULL, true)
#4 C:\Users\Bon cabe\Documents\pesanan\arfian\arfian-app\app\Views\layouts\home.php(18): CodeIgniter\View\View->include('components/menu')
#5 C:\Users\Bon cabe\Documents\pesanan\arfian\arfian-app\vendor\codeigniter4\framework\system\View\View.php(230): include('C:\\Users\\Bon ca...')
#6 C:\Users\Bon cabe\Documents\pesanan\arfian\arfian-app\vendor\codeigniter4\framework\system\View\View.php(232): CodeIgniter\View\View->CodeIgniter\View\{closure}()
#7 C:\Users\Bon cabe\Documents\pesanan\arfian\arfian-app\vendor\codeigniter4\framework\system\View\View.php(246): CodeIgniter\View\View->render('layouts/home', Array, true)
#8 C:\Users\Bon cabe\Documents\pesanan\arfian\arfian-app\vendor\codeigniter4\framework\system\Common.php(1271): CodeIgniter\View\View->render('pages/user/user', Array, true)
#9 C:\Users\Bon cabe\Documents\pesanan\arfian\arfian-app\app\Controllers\User.php(24): view('pages/user/user', Array)
#10 C:\Users\Bon cabe\Documents\pesanan\arfian\arfian-app\vendor\codeigniter4\framework\system\CodeIgniter.php(928): App\Controllers\User->index()
#11 C:\Users\Bon cabe\Documents\pesanan\arfian\arfian-app\vendor\codeigniter4\framework\system\CodeIgniter.php(436): CodeIgniter\CodeIgniter->runController(Object(App\Controllers\User))
#12 C:\Users\Bon cabe\Documents\pesanan\arfian\arfian-app\vendor\codeigniter4\framework\system\CodeIgniter.php(336): CodeIgniter\CodeIgniter->handleRequest(NULL, Object(Config\Cache), false)
#13 C:\Users\Bon cabe\Documents\pesanan\arfian\arfian-app\public\index.php(37): CodeIgniter\CodeIgniter->run()
#14 C:\Users\Bon cabe\Documents\pesanan\arfian\arfian-app\vendor\codeigniter4\framework\system\Commands\Server\rewrite.php(45): require_once('C:\\Users\\Bon ca...')
#15 {main}
CRITICAL - 2021-07-10 08:07:24 --> Undefined variable: lokasi
#0 C:\Users\Bon cabe\Documents\pesanan\arfian\arfian-app\app\Views\components\menu.php(31): CodeIgniter\Debug\Exceptions->errorHandler(8, 'Undefined varia...', 'C:\\Users\\Bon ca...', 31, Array)
#1 C:\Users\Bon cabe\Documents\pesanan\arfian\arfian-app\vendor\codeigniter4\framework\system\View\View.php(230): include('C:\\Users\\Bon ca...')
#2 C:\Users\Bon cabe\Documents\pesanan\arfian\arfian-app\vendor\codeigniter4\framework\system\View\View.php(232): CodeIgniter\View\View->CodeIgniter\View\{closure}()
#3 C:\Users\Bon cabe\Documents\pesanan\arfian\arfian-app\vendor\codeigniter4\framework\system\View\View.php(487): CodeIgniter\View\View->render('components/menu', NULL, true)
#4 C:\Users\Bon cabe\Documents\pesanan\arfian\arfian-app\app\Views\layouts\home.php(18): CodeIgniter\View\View->include('components/menu')
#5 C:\Users\Bon cabe\Documents\pesanan\arfian\arfian-app\vendor\codeigniter4\framework\system\View\View.php(230): include('C:\\Users\\Bon ca...')
#6 C:\Users\Bon cabe\Documents\pesanan\arfian\arfian-app\vendor\codeigniter4\framework\system\View\View.php(232): CodeIgniter\View\View->CodeIgniter\View\{closure}()
#7 C:\Users\Bon cabe\Documents\pesanan\arfian\arfian-app\vendor\codeigniter4\framework\system\View\View.php(246): CodeIgniter\View\View->render('layouts/home', Array, true)
#8 C:\Users\Bon cabe\Documents\pesanan\arfian\arfian-app\vendor\codeigniter4\framework\system\Common.php(1271): CodeIgniter\View\View->render('pages/user/user', Array, true)
#9 C:\Users\Bon cabe\Documents\pesanan\arfian\arfian-app\app\Controllers\User.php(24): view('pages/user/user', Array)
#10 C:\Users\Bon cabe\Documents\pesanan\arfian\arfian-app\vendor\codeigniter4\framework\system\CodeIgniter.php(928): App\Controllers\User->index()
#11 C:\Users\Bon cabe\Documents\pesanan\arfian\arfian-app\vendor\codeigniter4\framework\system\CodeIgniter.php(436): CodeIgniter\CodeIgniter->runController(Object(App\Controllers\User))
#12 C:\Users\Bon cabe\Documents\pesanan\arfian\arfian-app\vendor\codeigniter4\framework\system\CodeIgniter.php(336): CodeIgniter\CodeIgniter->handleRequest(NULL, Object(Config\Cache), false)
#13 C:\Users\Bon cabe\Documents\pesanan\arfian\arfian-app\public\index.php(37): CodeIgniter\CodeIgniter->run()
#14 C:\Users\Bon cabe\Documents\pesanan\arfian\arfian-app\vendor\codeigniter4\framework\system\Commands\Server\rewrite.php(45): require_once('C:\\Users\\Bon ca...')
#15 {main}
CRITICAL - 2021-07-10 08:31:49 --> Undefined variable: lokasi
#0 C:\Users\Bon cabe\Documents\pesanan\arfian\arfian-app\app\Views\components\menu.php(31): CodeIgniter\Debug\Exceptions->errorHandler(8, 'Undefined varia...', 'C:\\Users\\Bon ca...', 31, Array)
#1 C:\Users\Bon cabe\Documents\pesanan\arfian\arfian-app\vendor\codeigniter4\framework\system\View\View.php(230): include('C:\\Users\\Bon ca...')
#2 C:\Users\Bon cabe\Documents\pesanan\arfian\arfian-app\vendor\codeigniter4\framework\system\View\View.php(232): CodeIgniter\View\View->CodeIgniter\View\{closure}()
#3 C:\Users\Bon cabe\Documents\pesanan\arfian\arfian-app\vendor\codeigniter4\framework\system\View\View.php(487): CodeIgniter\View\View->render('components/menu', NULL, true)
#4 C:\Users\Bon cabe\Documents\pesanan\arfian\arfian-app\app\Views\layouts\home1.php(18): CodeIgniter\View\View->include('components/menu')
#5 C:\Users\Bon cabe\Documents\pesanan\arfian\arfian-app\vendor\codeigniter4\framework\system\View\View.php(230): include('C:\\Users\\Bon ca...')
#6 C:\Users\Bon cabe\Documents\pesanan\arfian\arfian-app\vendor\codeigniter4\framework\system\View\View.php(232): CodeIgniter\View\View->CodeIgniter\View\{closure}()
#7 C:\Users\Bon cabe\Documents\pesanan\arfian\arfian-app\vendor\codeigniter4\framework\system\View\View.php(246): CodeIgniter\View\View->render('layouts/home1', Array, true)
#8 C:\Users\Bon cabe\Documents\pesanan\arfian\arfian-app\vendor\codeigniter4\framework\system\Common.php(1271): CodeIgniter\View\View->render('pages/user/user', Array, true)
#9 C:\Users\Bon cabe\Documents\pesanan\arfian\arfian-app\app\Controllers\User.php(24): view('pages/user/user', Array)
#10 C:\Users\Bon cabe\Documents\pesanan\arfian\arfian-app\vendor\codeigniter4\framework\system\CodeIgniter.php(928): App\Controllers\User->index()
#11 C:\Users\Bon cabe\Documents\pesanan\arfian\arfian-app\vendor\codeigniter4\framework\system\CodeIgniter.php(436): CodeIgniter\CodeIgniter->runController(Object(App\Controllers\User))
#12 C:\Users\Bon cabe\Documents\pesanan\arfian\arfian-app\vendor\codeigniter4\framework\system\CodeIgniter.php(336): CodeIgniter\CodeIgniter->handleRequest(NULL, Object(Config\Cache), false)
#13 C:\Users\Bon cabe\Documents\pesanan\arfian\arfian-app\public\index.php(37): CodeIgniter\CodeIgniter->run()
#14 C:\Users\Bon cabe\Documents\pesanan\arfian\arfian-app\vendor\codeigniter4\framework\system\Commands\Server\rewrite.php(45): require_once('C:\\Users\\Bon ca...')
#15 {main}
