CRITICAL - 2021-07-14 23:14:07 --> Invalid file: layouts/home1.php
#0 C:\Users\Bon cabe\Documents\pesanan\arfian\arfian-app\vendor\codeigniter4\framework\system\View\View.php(213): CodeIgniter\Exceptions\FrameworkException::forInvalidFile('layouts/home1.p...')
#1 C:\Users\Bon cabe\Documents\pesanan\arfian\arfian-app\vendor\codeigniter4\framework\system\View\View.php(246): CodeIgniter\View\View->render('layouts/home1', Array, true)
#2 C:\Users\Bon cabe\Documents\pesanan\arfian\arfian-app\vendor\codeigniter4\framework\system\Common.php(1271): CodeIgniter\View\View->render('pages/home', Array, true)
#3 C:\Users\Bon cabe\Documents\pesanan\arfian\arfian-app\app\Controllers\Home.php(21): view('pages/home', Array)
#4 C:\Users\Bon cabe\Documents\pesanan\arfian\arfian-app\vendor\codeigniter4\framework\system\CodeIgniter.php(928): App\Controllers\Home->index()
#5 C:\Users\Bon cabe\Documents\pesanan\arfian\arfian-app\vendor\codeigniter4\framework\system\CodeIgniter.php(436): CodeIgniter\CodeIgniter->runController(Object(App\Controllers\Home))
#6 C:\Users\Bon cabe\Documents\pesanan\arfian\arfian-app\vendor\codeigniter4\framework\system\CodeIgniter.php(336): CodeIgniter\CodeIgniter->handleRequest(NULL, Object(Config\Cache), false)
#7 C:\Users\Bon cabe\Documents\pesanan\arfian\arfian-app\public\index.php(37): CodeIgniter\CodeIgniter->run()
#8 C:\Users\Bon cabe\Documents\pesanan\arfian\arfian-app\vendor\codeigniter4\framework\system\Commands\Server\rewrite.php(45): require_once('C:\\Users\\Bon ca...')
#9 {main}
CRITICAL - 2021-07-14 23:14:26 --> Invalid file: layout/home.php
#0 C:\Users\Bon cabe\Documents\pesanan\arfian\arfian-app\vendor\codeigniter4\framework\system\View\View.php(213): CodeIgniter\Exceptions\FrameworkException::forInvalidFile('layout/home.php')
#1 C:\Users\Bon cabe\Documents\pesanan\arfian\arfian-app\vendor\codeigniter4\framework\system\Common.php(1271): CodeIgniter\View\View->render('layout/home', Array, true)
#2 C:\Users\Bon cabe\Documents\pesanan\arfian\arfian-app\app\Controllers\Home.php(21): view('layout/home', Array)
#3 C:\Users\Bon cabe\Documents\pesanan\arfian\arfian-app\vendor\codeigniter4\framework\system\CodeIgniter.php(928): App\Controllers\Home->index()
#4 C:\Users\Bon cabe\Documents\pesanan\arfian\arfian-app\vendor\codeigniter4\framework\system\CodeIgniter.php(436): CodeIgniter\CodeIgniter->runController(Object(App\Controllers\Home))
#5 C:\Users\Bon cabe\Documents\pesanan\arfian\arfian-app\vendor\codeigniter4\framework\system\CodeIgniter.php(336): CodeIgniter\CodeIgniter->handleRequest(NULL, Object(Config\Cache), false)
#6 C:\Users\Bon cabe\Documents\pesanan\arfian\arfian-app\public\index.php(37): CodeIgniter\CodeIgniter->run()
#7 C:\Users\Bon cabe\Documents\pesanan\arfian\arfian-app\vendor\codeigniter4\framework\system\Commands\Server\rewrite.php(45): require_once('C:\\Users\\Bon ca...')
#8 {main}
CRITICAL - 2021-07-14 23:56:37 --> Undefined index: notelp
#0 C:\Users\Bon cabe\Documents\pesanan\arfian\arfian-app\app\Controllers\Auth.php(26): CodeIgniter\Debug\Exceptions->errorHandler(8, 'Undefined index...', 'C:\\Users\\Bon ca...', 26, Array)
#1 C:\Users\Bon cabe\Documents\pesanan\arfian\arfian-app\vendor\codeigniter4\framework\system\CodeIgniter.php(928): App\Controllers\Auth->login()
#2 C:\Users\Bon cabe\Documents\pesanan\arfian\arfian-app\vendor\codeigniter4\framework\system\CodeIgniter.php(436): CodeIgniter\CodeIgniter->runController(Object(App\Controllers\Auth))
#3 C:\Users\Bon cabe\Documents\pesanan\arfian\arfian-app\vendor\codeigniter4\framework\system\CodeIgniter.php(336): CodeIgniter\CodeIgniter->handleRequest(NULL, Object(Config\Cache), false)
#4 C:\Users\Bon cabe\Documents\pesanan\arfian\arfian-app\public\index.php(37): CodeIgniter\CodeIgniter->run()
#5 C:\Users\Bon cabe\Documents\pesanan\arfian\arfian-app\vendor\codeigniter4\framework\system\Commands\Server\rewrite.php(45): require_once('C:\\Users\\Bon ca...')
#6 {main}
