CRITICAL - 2021-07-25 20:50:10 --> Illegal string offset 'nama_lokasi'
#0 C:\Users\Bon cabe\Documents\pesanan\arfian\arfian-app\app\Views\components\menu.php(52): CodeIgniter\Debug\Exceptions->errorHandler(2, 'Illegal string ...', 'C:\\Users\\Bon ca...', 52, Array)
#1 C:\Users\Bon cabe\Documents\pesanan\arfian\arfian-app\vendor\codeigniter4\framework\system\View\View.php(230): include('C:\\Users\\Bon ca...')
#2 C:\Users\Bon cabe\Documents\pesanan\arfian\arfian-app\vendor\codeigniter4\framework\system\View\View.php(232): CodeIgniter\View\View->CodeIgniter\View\{closure}()
#3 C:\Users\Bon cabe\Documents\pesanan\arfian\arfian-app\vendor\codeigniter4\framework\system\View\View.php(487): CodeIgniter\View\View->render('components/menu', NULL, true)
#4 C:\Users\Bon cabe\Documents\pesanan\arfian\arfian-app\app\Views\layouts\home.php(18): CodeIgniter\View\View->include('components/menu')
#5 C:\Users\Bon cabe\Documents\pesanan\arfian\arfian-app\vendor\codeigniter4\framework\system\View\View.php(230): include('C:\\Users\\Bon ca...')
#6 C:\Users\Bon cabe\Documents\pesanan\arfian\arfian-app\vendor\codeigniter4\framework\system\View\View.php(232): CodeIgniter\View\View->CodeIgniter\View\{closure}()
#7 C:\Users\Bon cabe\Documents\pesanan\arfian\arfian-app\vendor\codeigniter4\framework\system\View\View.php(246): CodeIgniter\View\View->render('layouts/home', Array, true)
#8 C:\Users\Bon cabe\Documents\pesanan\arfian\arfian-app\vendor\codeigniter4\framework\system\Common.php(1271): CodeIgniter\View\View->render('pages/home', Array, true)
#9 C:\Users\Bon cabe\Documents\pesanan\arfian\arfian-app\app\Controllers\Home.php(38): view('pages/home', Array)
#10 C:\Users\Bon cabe\Documents\pesanan\arfian\arfian-app\vendor\codeigniter4\framework\system\CodeIgniter.php(928): App\Controllers\Home->index()
#11 C:\Users\Bon cabe\Documents\pesanan\arfian\arfian-app\vendor\codeigniter4\framework\system\CodeIgniter.php(436): CodeIgniter\CodeIgniter->runController(Object(App\Controllers\Home))
#12 C:\Users\Bon cabe\Documents\pesanan\arfian\arfian-app\vendor\codeigniter4\framework\system\CodeIgniter.php(336): CodeIgniter\CodeIgniter->handleRequest(NULL, Object(Config\Cache), false)
#13 C:\Users\Bon cabe\Documents\pesanan\arfian\arfian-app\public\index.php(37): CodeIgniter\CodeIgniter->run()
#14 C:\Users\Bon cabe\Documents\pesanan\arfian\arfian-app\vendor\codeigniter4\framework\system\Commands\Server\rewrite.php(45): require_once('C:\\Users\\Bon ca...')
#15 {main}
CRITICAL - 2021-07-25 20:50:31 --> Illegal string offset 'nama_lokasi'
#0 C:\Users\Bon cabe\Documents\pesanan\arfian\arfian-app\app\Views\components\menu.php(52): CodeIgniter\Debug\Exceptions->errorHandler(2, 'Illegal string ...', 'C:\\Users\\Bon ca...', 52, Array)
#1 C:\Users\Bon cabe\Documents\pesanan\arfian\arfian-app\vendor\codeigniter4\framework\system\View\View.php(230): include('C:\\Users\\Bon ca...')
#2 C:\Users\Bon cabe\Documents\pesanan\arfian\arfian-app\vendor\codeigniter4\framework\system\View\View.php(232): CodeIgniter\View\View->CodeIgniter\View\{closure}()
#3 C:\Users\Bon cabe\Documents\pesanan\arfian\arfian-app\vendor\codeigniter4\framework\system\View\View.php(487): CodeIgniter\View\View->render('components/menu', NULL, true)
#4 C:\Users\Bon cabe\Documents\pesanan\arfian\arfian-app\app\Views\layouts\home.php(18): CodeIgniter\View\View->include('components/menu')
#5 C:\Users\Bon cabe\Documents\pesanan\arfian\arfian-app\vendor\codeigniter4\framework\system\View\View.php(230): include('C:\\Users\\Bon ca...')
#6 C:\Users\Bon cabe\Documents\pesanan\arfian\arfian-app\vendor\codeigniter4\framework\system\View\View.php(232): CodeIgniter\View\View->CodeIgniter\View\{closure}()
#7 C:\Users\Bon cabe\Documents\pesanan\arfian\arfian-app\vendor\codeigniter4\framework\system\View\View.php(246): CodeIgniter\View\View->render('layouts/home', Array, true)
#8 C:\Users\Bon cabe\Documents\pesanan\arfian\arfian-app\vendor\codeigniter4\framework\system\Common.php(1271): CodeIgniter\View\View->render('pages/home', Array, true)
#9 C:\Users\Bon cabe\Documents\pesanan\arfian\arfian-app\app\Controllers\Home.php(38): view('pages/home', Array)
#10 C:\Users\Bon cabe\Documents\pesanan\arfian\arfian-app\vendor\codeigniter4\framework\system\CodeIgniter.php(928): App\Controllers\Home->index()
#11 C:\Users\Bon cabe\Documents\pesanan\arfian\arfian-app\vendor\codeigniter4\framework\system\CodeIgniter.php(436): CodeIgniter\CodeIgniter->runController(Object(App\Controllers\Home))
#12 C:\Users\Bon cabe\Documents\pesanan\arfian\arfian-app\vendor\codeigniter4\framework\system\CodeIgniter.php(336): CodeIgniter\CodeIgniter->handleRequest(NULL, Object(Config\Cache), false)
#13 C:\Users\Bon cabe\Documents\pesanan\arfian\arfian-app\public\index.php(37): CodeIgniter\CodeIgniter->run()
#14 C:\Users\Bon cabe\Documents\pesanan\arfian\arfian-app\vendor\codeigniter4\framework\system\Commands\Server\rewrite.php(45): require_once('C:\\Users\\Bon ca...')
#15 {main}
CRITICAL - 2021-07-25 20:52:52 --> Undefined variable: menuOLT
#0 C:\Users\Bon cabe\Documents\pesanan\arfian\arfian-app\app\Views\components\menu.php(106): CodeIgniter\Debug\Exceptions->errorHandler(8, 'Undefined varia...', 'C:\\Users\\Bon ca...', 106, Array)
#1 C:\Users\Bon cabe\Documents\pesanan\arfian\arfian-app\vendor\codeigniter4\framework\system\View\View.php(230): include('C:\\Users\\Bon ca...')
#2 C:\Users\Bon cabe\Documents\pesanan\arfian\arfian-app\vendor\codeigniter4\framework\system\View\View.php(232): CodeIgniter\View\View->CodeIgniter\View\{closure}()
#3 C:\Users\Bon cabe\Documents\pesanan\arfian\arfian-app\vendor\codeigniter4\framework\system\View\View.php(487): CodeIgniter\View\View->render('components/menu', NULL, true)
#4 C:\Users\Bon cabe\Documents\pesanan\arfian\arfian-app\app\Views\layouts\home.php(18): CodeIgniter\View\View->include('components/menu')
#5 C:\Users\Bon cabe\Documents\pesanan\arfian\arfian-app\vendor\codeigniter4\framework\system\View\View.php(230): include('C:\\Users\\Bon ca...')
#6 C:\Users\Bon cabe\Documents\pesanan\arfian\arfian-app\vendor\codeigniter4\framework\system\View\View.php(232): CodeIgniter\View\View->CodeIgniter\View\{closure}()
#7 C:\Users\Bon cabe\Documents\pesanan\arfian\arfian-app\vendor\codeigniter4\framework\system\View\View.php(246): CodeIgniter\View\View->render('layouts/home', Array, true)
#8 C:\Users\Bon cabe\Documents\pesanan\arfian\arfian-app\vendor\codeigniter4\framework\system\Common.php(1271): CodeIgniter\View\View->render('pages/home', Array, true)
#9 C:\Users\Bon cabe\Documents\pesanan\arfian\arfian-app\app\Controllers\Home.php(38): view('pages/home', Array)
#10 C:\Users\Bon cabe\Documents\pesanan\arfian\arfian-app\vendor\codeigniter4\framework\system\CodeIgniter.php(928): App\Controllers\Home->index()
#11 C:\Users\Bon cabe\Documents\pesanan\arfian\arfian-app\vendor\codeigniter4\framework\system\CodeIgniter.php(436): CodeIgniter\CodeIgniter->runController(Object(App\Controllers\Home))
#12 C:\Users\Bon cabe\Documents\pesanan\arfian\arfian-app\vendor\codeigniter4\framework\system\CodeIgniter.php(336): CodeIgniter\CodeIgniter->handleRequest(NULL, Object(Config\Cache), false)
#13 C:\Users\Bon cabe\Documents\pesanan\arfian\arfian-app\public\index.php(37): CodeIgniter\CodeIgniter->run()
#14 C:\Users\Bon cabe\Documents\pesanan\arfian\arfian-app\vendor\codeigniter4\framework\system\Commands\Server\rewrite.php(45): require_once('C:\\Users\\Bon ca...')
#15 {main}
CRITICAL - 2021-07-25 21:01:29 --> Undefined variable: menu
#0 C:\Users\Bon cabe\Documents\pesanan\arfian\arfian-app\app\Views\components\menu.php(51): CodeIgniter\Debug\Exceptions->errorHandler(8, 'Undefined varia...', 'C:\\Users\\Bon ca...', 51, Array)
#1 C:\Users\Bon cabe\Documents\pesanan\arfian\arfian-app\vendor\codeigniter4\framework\system\View\View.php(230): include('C:\\Users\\Bon ca...')
#2 C:\Users\Bon cabe\Documents\pesanan\arfian\arfian-app\vendor\codeigniter4\framework\system\View\View.php(232): CodeIgniter\View\View->CodeIgniter\View\{closure}()
#3 C:\Users\Bon cabe\Documents\pesanan\arfian\arfian-app\vendor\codeigniter4\framework\system\View\View.php(487): CodeIgniter\View\View->render('components/menu', NULL, true)
#4 C:\Users\Bon cabe\Documents\pesanan\arfian\arfian-app\app\Views\layouts\home2.php(18): CodeIgniter\View\View->include('components/menu')
#5 C:\Users\Bon cabe\Documents\pesanan\arfian\arfian-app\vendor\codeigniter4\framework\system\View\View.php(230): include('C:\\Users\\Bon ca...')
#6 C:\Users\Bon cabe\Documents\pesanan\arfian\arfian-app\vendor\codeigniter4\framework\system\View\View.php(232): CodeIgniter\View\View->CodeIgniter\View\{closure}()
#7 C:\Users\Bon cabe\Documents\pesanan\arfian\arfian-app\vendor\codeigniter4\framework\system\View\View.php(246): CodeIgniter\View\View->render('layouts/home2', Array, true)
#8 C:\Users\Bon cabe\Documents\pesanan\arfian\arfian-app\vendor\codeigniter4\framework\system\Common.php(1271): CodeIgniter\View\View->render('pages/odc/odc', Array, true)
#9 C:\Users\Bon cabe\Documents\pesanan\arfian\arfian-app\app\Controllers\Sto.php(36): view('pages/odc/odc', Array)
#10 C:\Users\Bon cabe\Documents\pesanan\arfian\arfian-app\vendor\codeigniter4\framework\system\CodeIgniter.php(928): App\Controllers\Sto->odc('Banyumanik', 'ODC-BNY-FA')
#11 C:\Users\Bon cabe\Documents\pesanan\arfian\arfian-app\vendor\codeigniter4\framework\system\CodeIgniter.php(436): CodeIgniter\CodeIgniter->runController(Object(App\Controllers\Sto))
#12 C:\Users\Bon cabe\Documents\pesanan\arfian\arfian-app\vendor\codeigniter4\framework\system\CodeIgniter.php(336): CodeIgniter\CodeIgniter->handleRequest(NULL, Object(Config\Cache), false)
#13 C:\Users\Bon cabe\Documents\pesanan\arfian\arfian-app\public\index.php(37): CodeIgniter\CodeIgniter->run()
#14 C:\Users\Bon cabe\Documents\pesanan\arfian\arfian-app\vendor\codeigniter4\framework\system\Commands\Server\rewrite.php(45): require_once('C:\\Users\\Bon ca...')
#15 {main}
CRITICAL - 2021-07-25 21:07:39 --> Undefined variable: menu
#0 C:\Users\Bon cabe\Documents\pesanan\arfian\arfian-app\app\Views\components\menu.php(51): CodeIgniter\Debug\Exceptions->errorHandler(8, 'Undefined varia...', 'C:\\Users\\Bon ca...', 51, Array)
#1 C:\Users\Bon cabe\Documents\pesanan\arfian\arfian-app\vendor\codeigniter4\framework\system\View\View.php(230): include('C:\\Users\\Bon ca...')
#2 C:\Users\Bon cabe\Documents\pesanan\arfian\arfian-app\vendor\codeigniter4\framework\system\View\View.php(232): CodeIgniter\View\View->CodeIgniter\View\{closure}()
#3 C:\Users\Bon cabe\Documents\pesanan\arfian\arfian-app\vendor\codeigniter4\framework\system\View\View.php(487): CodeIgniter\View\View->render('components/menu', NULL, true)
#4 C:\Users\Bon cabe\Documents\pesanan\arfian\arfian-app\app\Views\layouts\home2.php(18): CodeIgniter\View\View->include('components/menu')
#5 C:\Users\Bon cabe\Documents\pesanan\arfian\arfian-app\vendor\codeigniter4\framework\system\View\View.php(230): include('C:\\Users\\Bon ca...')
#6 C:\Users\Bon cabe\Documents\pesanan\arfian\arfian-app\vendor\codeigniter4\framework\system\View\View.php(232): CodeIgniter\View\View->CodeIgniter\View\{closure}()
#7 C:\Users\Bon cabe\Documents\pesanan\arfian\arfian-app\vendor\codeigniter4\framework\system\View\View.php(246): CodeIgniter\View\View->render('layouts/home2', Array, true)
#8 C:\Users\Bon cabe\Documents\pesanan\arfian\arfian-app\vendor\codeigniter4\framework\system\Common.php(1271): CodeIgniter\View\View->render('pages/odc/odc_u...', Array, true)
#9 C:\Users\Bon cabe\Documents\pesanan\arfian\arfian-app\app\Controllers\Sto.php(51): view('pages/odc/odc_u...', Array)
#10 C:\Users\Bon cabe\Documents\pesanan\arfian\arfian-app\vendor\codeigniter4\framework\system\CodeIgniter.php(928): App\Controllers\Sto->odcUbah('2')
#11 C:\Users\Bon cabe\Documents\pesanan\arfian\arfian-app\vendor\codeigniter4\framework\system\CodeIgniter.php(436): CodeIgniter\CodeIgniter->runController(Object(App\Controllers\Sto))
#12 C:\Users\Bon cabe\Documents\pesanan\arfian\arfian-app\vendor\codeigniter4\framework\system\CodeIgniter.php(336): CodeIgniter\CodeIgniter->handleRequest(NULL, Object(Config\Cache), false)
#13 C:\Users\Bon cabe\Documents\pesanan\arfian\arfian-app\public\index.php(37): CodeIgniter\CodeIgniter->run()
#14 C:\Users\Bon cabe\Documents\pesanan\arfian\arfian-app\vendor\codeigniter4\framework\system\Commands\Server\rewrite.php(45): require_once('C:\\Users\\Bon ca...')
#15 {main}
